<?xml version="1.0" encoding="UTF-8"?>
<testng-results skipped="0" failed="0" ignored="0" total="1" passed="1">
  <reporter-output>
  </reporter-output>
  <suite name="Default suite" duration-ms="29588" started-at="2020-09-18T16:06:17 WAT" finished-at="2020-09-18T16:06:46 WAT">
    <groups>
    </groups>
    <test name="Default test" duration-ms="29588" started-at="2020-09-18T16:06:17 WAT" finished-at="2020-09-18T16:06:46 WAT">
      <class name="com.app.retailUser.login">
        <test-method status="PASS" signature="initializeWebDriver()[pri:0, instance:com.app.retailUser.login@2bbf4b8b]" name="initializeWebDriver" is-config="true" duration-ms="11995" started-at="2020-09-18T16:06:05 WAT" finished-at="2020-09-18T16:06:17 WAT">
          <reporter-output>
          </reporter-output>
        </test-method> <!-- initializeWebDriver -->
        <test-method status="PASS" signature="loginWithValidCredentials()[pri:0, instance:com.app.retailUser.login@2bbf4b8b]" name="loginWithValidCredentials" duration-ms="29557" started-at="2020-09-18T16:06:17 WAT" finished-at="2020-09-18T16:06:46 WAT">
          <reporter-output>
          </reporter-output>
        </test-method> <!-- loginWithValidCredentials -->
      </class> <!-- com.app.retailUser.login -->
    </test> <!-- Default test -->
  </suite> <!-- Default suite -->
</testng-results>
