<?xml version="1.0" encoding="UTF-8"?>
<testsuite xmlns:xsi="http://www.w3.org/2001/XMLSchema-instance" xsi:noNamespaceSchemaLocation="https://maven.apache.org/surefire/maven-surefire-plugin/xsd/surefire-test-report.xsd" name="stepDefinitions.TestRunner" time="163.731" tests="3" errors="1" skipped="0" failures="0">
  <properties>
[...]
</properties>
  <testcase name="Login with valid credentials" classname="Login" time="37.643"/>
  <testcase name="Transfer to Others" classname="Transfers" time="58.785"/>
  <testcase name="Transfer to Self" classname="Transfers" time="64.513">
    <error message="no such element: Unable to locate element: {&quot;method&quot;:&quot;xpath&quot;,&quot;selector&quot;:&quot;/html/body/app-root/app-default-layout/div/div/main/app-transfer/div/div/div/div/div/div[2]/div/div/div[2]/ul/li[3]&quot;}&#10;  (Session info: chrome=87.0.4280.88)&#10;For documentation on this error, please visit: https://selenium.dev/exceptions/#no_such_element&#10;Build info: version: &apos;4.0.0-alpha-7&apos;, revision: &apos;de8579b6d5&apos;&#10;System info: host: &apos;433575CG0142L&apos;, ip: &apos;192.168.43.117&apos;, os.name: &apos;Windows 10&apos;, os.arch: &apos;amd64&apos;, os.version: &apos;10.0&apos;, java.version: &apos;1.8.0_192&apos;&#10;Driver info: org.openqa.selenium.chrome.ChromeDriver&#10;Capabilities {acceptInsecureCerts: false, browserName: chrome, browserVersion: 87.0.4280.88, chrome: {chromedriverVersion: 87.0.4280.88 (89e2380a3e36c..., userDataDir: C:\Users\A239215\AppData\Lo...}, goog:chromeOptions: {debuggerAddress: localhost:60163}, javascriptEnabled: true, networkConnectionEnabled: false, pageLoadStrategy: normal, platform: WINDOWS, platformName: WINDOWS, proxy: Proxy(), setWindowRect: true, strictFileInteractability: false, timeouts: {implicit: 0, pageLoad: 300000, script: 30000}, unhandledPromptBehavior: dismiss and notify, webauthn:virtualAuthenticators: true}&#10;Session ID: b1de320c049e4aae052053e8216e0da9&#10;*** Element info: {Using=xpath, value=/html/body/app-root/app-default-layout/div/div/main/app-transfer/div/div/div/div/div/div[2]/div/div/div[2]/ul/li[3]}" type="org.openqa.selenium.NoSuchElementException">org.openqa.selenium.NoSuchElementException: 
no such element: Unable to locate element: {"method":"xpath","selector":"/html/body/app-root/app-default-layout/div/div/main/app-transfer/div/div/div/div/div/div[2]/div/div/div[2]/ul/li[3]"}
  (Session info: chrome=87.0.4280.88)
For documentation on this error, please visit: https://selenium.dev/exceptions/#no_such_element
Build info: version: '4.0.0-alpha-7', revision: 'de8579b6d5'
System info: host: '433575CG0142L', ip: '192.168.43.117', os.name: 'Windows 10', os.arch: 'amd64', os.version: '10.0', java.version: '1.8.0_192'
Driver info: org.openqa.selenium.chrome.ChromeDriver
Capabilities {acceptInsecureCerts: false, browserName: chrome, browserVersion: 87.0.4280.88, chrome: {chromedriverVersion: 87.0.4280.88 (89e2380a3e36c..., userDataDir: C:\Users\A239215\AppData\Lo...}, goog:chromeOptions: {debuggerAddress: localhost:60163}, javascriptEnabled: true, networkConnectionEnabled: false, pageLoadStrategy: normal, platform: WINDOWS, platformName: WINDOWS, proxy: Proxy(), setWindowRect: true, strictFileInteractability: false, timeouts: {implicit: 0, pageLoad: 300000, script: 30000}, unhandledPromptBehavior: dismiss and notify, webauthn:virtualAuthenticators: true}
Session ID: b1de320c049e4aae052053e8216e0da9
*** Element info: {Using=xpath, value=/html/body/app-root/app-default-layout/div/div/main/app-transfer/div/div/div/div/div/div[2]/div/div/div[2]/ul/li[3]}
</error>
    <system-out><![CDATA[
@functional
Scenario Outline: Transfer to Self                          # src/test/resources/Features/transfers.feature:36
  Given user has logged in successfully                     # stepDefinitions.transfers.user_has_logged_in_successfully()
  And entered a valid token                                 # stepDefinitions.transfers.entered_a_valid_token()
  When user clicks on the transfers link                    # stepDefinitions.transfers.user_clicks_on_the_transfers_link()
  Then user is navigated to the transfers page              # stepDefinitions.transfers.user_is_navigated_to_the_transfers_page()
  When user ccliks on transfer to self                      # stepDefinitions.transfers.user_ccliks_on_transfer_to_self()
      org.openqa.selenium.NoSuchElementException: no such element: Unable to locate element: {"method":"xpath","selector":"/html/body/app-root/app-default-layout/div/div/main/app-transfer/div/div/div/div/div/div[2]/div/div/div[2]/ul/li[3]"}
  (Session info: chrome=87.0.4280.88)
For documentation on this error, please visit: https://selenium.dev/exceptions/#no_such_element
Build info: version: '4.0.0-alpha-7', revision: 'de8579b6d5'
System info: host: '433575CG0142L', ip: '192.168.43.117', os.name: 'Windows 10', os.arch: 'amd64', os.version: '10.0', java.version: '1.8.0_192'
Driver info: org.openqa.selenium.chrome.ChromeDriver
Capabilities {acceptInsecureCerts: false, browserName: chrome, browserVersion: 87.0.4280.88, chrome: {chromedriverVersion: 87.0.4280.88 (89e2380a3e36c..., userDataDir: C:\Users\A239215\AppData\Lo...}, goog:chromeOptions: {debuggerAddress: localhost:60163}, javascriptEnabled: true, networkConnectionEnabled: false, pageLoadStrategy: normal, platform: WINDOWS, platformName: WINDOWS, proxy: Proxy(), setWindowRect: true, strictFileInteractability: false, timeouts: {implicit: 0, pageLoad: 300000, script: 30000}, unhandledPromptBehavior: dismiss and notify, webauthn:virtualAuthenticators: true}
Session ID: b1de320c049e4aae052053e8216e0da9
*** Element info: {Using=xpath, value=/html/body/app-root/app-default-layout/div/div/main/app-transfer/div/div/div/div/div/div[2]/div/div/div[2]/ul/li[3]}
	at sun.reflect.NativeConstructorAccessorImpl.newInstance0(Native Method)
	at sun.reflect.NativeConstructorAccessorImpl.newInstance(NativeConstructorAccessorImpl.java:62)
	at sun.reflect.DelegatingConstructorAccessorImpl.newInstance(DelegatingConstructorAccessorImpl.java:45)
	at java.lang.reflect.Constructor.newInstance(Constructor.java:423)
	at org.openqa.selenium.remote.codec.w3c.W3CHttpResponseCodec.createException(W3CHttpResponseCodec.java:196)
	at org.openqa.selenium.remote.codec.w3c.W3CHttpResponseCodec.decode(W3CHttpResponseCodec.java:129)
	at org.openqa.selenium.remote.codec.w3c.W3CHttpResponseCodec.decode(W3CHttpResponseCodec.java:53)
	at org.openqa.selenium.remote.HttpCommandExecutor.execute(HttpCommandExecutor.java:167)
	at org.openqa.selenium.remote.service.DriverCommandExecutor.execute(DriverCommandExecutor.java:123)
	at org.openqa.selenium.remote.RemoteWebDriver.execute(RemoteWebDriver.java:501)
	at org.openqa.selenium.remote.RemoteWebDriver.findElement(RemoteWebDriver.java:332)
	at org.openqa.selenium.By$ByXPath.findElement(By.java:379)
	at org.openqa.selenium.remote.RemoteWebDriver.findElement(RemoteWebDriver.java:312)
	at org.openqa.selenium.support.pagefactory.DefaultElementLocator.findElement(DefaultElementLocator.java:70)
	at org.openqa.selenium.support.pagefactory.internal.LocatingElementHandler.invoke(LocatingElementHandler.java:39)
	at com.sun.proxy.$Proxy22.getWrappedElement(Unknown Source)
	at org.openqa.selenium.remote.internal.WebElementToJsonConverter.apply(WebElementToJsonConverter.java:52)
	at java.util.stream.ReferencePipeline$3$1.accept(ReferencePipeline.java:193)
	at java.util.Spliterators$ArraySpliterator.forEachRemaining(Spliterators.java:948)
	at java.util.stream.AbstractPipeline.copyInto(AbstractPipeline.java:481)
	at java.util.stream.AbstractPipeline.wrapAndCopyInto(AbstractPipeline.java:471)
	at java.util.stream.ReduceOps$ReduceOp.evaluateSequential(ReduceOps.java:708)
	at java.util.stream.AbstractPipeline.evaluate(AbstractPipeline.java:234)
	at java.util.stream.ReferencePipeline.collect(ReferencePipeline.java:499)
	at org.openqa.selenium.remote.RemoteWebDriver.executeScript(RemoteWebDriver.java:433)
	at pages.transferToSelfPage.clickTransferToSelf(transferToSelfPage.java:55)
	at stepDefinitions.transfers.user_ccliks_on_transfer_to_self(transfers.java:96)
	at âœ½.user ccliks on transfer to self(file:///C:/Users/A239215/git/Quality%20Assurance%20and%20Testing%20Projects/StanbicIBTC_InternetBanking/src/test/resources/Features/transfers.feature:24)

  Then user is navigated to the transfer to self page       # stepDefinitions.transfers.user_is_navigated_to_the_transfer_to_self_page()
  When users selects the source and destination account     # stepDefinitions.transfers.users_selects_the_source_and_destination_account()
  And enters amount and sender narration                    # stepDefinitions.transfers.enters_amount_and_sender_narration()
  And clicks on the continue button                         # stepDefinitions.transfers.clicks_on_the_continue_button()
  Then user is navigated to the confirmmation page          # stepDefinitions.transfers.user_is_navigated_to_the_confirmmation_page()
  When user selects the verify checkbox and clicks continue # stepDefinitions.transfers.user_selects_the_verify_checkbox_and_clicks_continue()
  Then user is directed to the receipt page                 # stepDefinitions.transfers.user_is_directed_to_the_receipt_page()
]]></system-out>
    <system-err><![CDATA[Starting ChromeDriver 87.0.4280.88 (89e2380a3e36c3464b5dd1302349b1382549290d-refs/branch-heads/4280@{#1761}) on port 45560
Only local connections are allowed.
Please see https://chromedriver.chromium.org/security-considerations for suggestions on keeping ChromeDriver safe.
ChromeDriver was started successfully.
Dec 14, 2020 12:31:59 PM org.openqa.selenium.remote.ProtocolHandshake createSession
INFO: Detected dialect: W3C
Dec 14, 2020 12:31:59 PM org.openqa.selenium.devtools.CdpVersionFinder findNearestMatch
WARNING: Unable to find an exact match for CDP version 87, so returning the closest version found: 86
Dec 14, 2020 12:31:59 PM org.openqa.selenium.devtools.CdpVersionFinder findNearestMatch
INFO: Found CDP implementation for version 87 of 86
]]></system-err>
  </testcase>
</testsuite>